{"C:\\Users\\Javi\\Desktop\\Testing\\app\\data\\dataset_utils.js": {"path":"C:\\Users\\Javi\\Desktop\\Testing\\app\\data\\dataset_utils.js","statementMap":{"0":{"start":{"line":4,"column":16},"end":{"line":74,"column":1}},"1":{"start":{"line":82,"column":4},"end":{"line":89,"column":5}},"2":{"start":{"line":88,"column":8},"end":{"line":88,"column":20}},"3":{"start":{"line":91,"column":4},"end":{"line":91,"column":17}},"4":{"start":{"line":102,"column":4},"end":{"line":110,"column":5}},"5":{"start":{"line":109,"column":8},"end":{"line":109,"column":20}},"6":{"start":{"line":111,"column":4},"end":{"line":111,"column":17}},"7":{"start":{"line":120,"column":4},"end":{"line":134,"column":5}},"8":{"start":{"line":133,"column":8},"end":{"line":133,"column":20}},"9":{"start":{"line":135,"column":4},"end":{"line":135,"column":17}},"10":{"start":{"line":144,"column":4},"end":{"line":146,"column":5}},"11":{"start":{"line":145,"column":8},"end":{"line":145,"column":20}},"12":{"start":{"line":147,"column":4},"end":{"line":147,"column":17}},"13":{"start":{"line":150,"column":0},"end":{"line":150,"column":37}},"14":{"start":{"line":151,"column":0},"end":{"line":151,"column":36}},"15":{"start":{"line":152,"column":0},"end":{"line":152,"column":24}},"16":{"start":{"line":153,"column":0},"end":{"line":153,"column":30}},"17":{"start":{"line":154,"column":0},"end":{"line":154,"column":36}}},"fnMap":{"0":{"name":"isForward","decl":{"start":{"line":81,"column":9},"end":{"line":81,"column":18}},"loc":{"start":{"line":81,"column":38},"end":{"line":94,"column":1}},"line":81},"1":{"name":"isBack","decl":{"start":{"line":101,"column":9},"end":{"line":101,"column":15}},"loc":{"start":{"line":101,"column":36},"end":{"line":112,"column":1}},"line":101},"2":{"name":"isMidfielder","decl":{"start":{"line":119,"column":9},"end":{"line":119,"column":21}},"loc":{"start":{"line":119,"column":42},"end":{"line":136,"column":1}},"line":119},"3":{"name":"isGoalKeeper","decl":{"start":{"line":143,"column":9},"end":{"line":143,"column":21}},"loc":{"start":{"line":143,"column":42},"end":{"line":148,"column":1}},"line":143}},"branchMap":{"0":{"loc":{"start":{"line":82,"column":4},"end":{"line":89,"column":5}},"type":"if","locations":[{"start":{"line":82,"column":4},"end":{"line":89,"column":5}},{"start":{"line":82,"column":4},"end":{"line":89,"column":5}}],"line":82},"1":{"loc":{"start":{"line":82,"column":7},"end":{"line":87,"column":50}},"type":"binary-expr","locations":[{"start":{"line":82,"column":7},"end":{"line":82,"column":55}},{"start":{"line":83,"column":4},"end":{"line":83,"column":50}},{"start":{"line":84,"column":4},"end":{"line":84,"column":51}},{"start":{"line":85,"column":4},"end":{"line":85,"column":45}},{"start":{"line":86,"column":4},"end":{"line":86,"column":51}},{"start":{"line":87,"column":4},"end":{"line":87,"column":50}}],"line":82},"2":{"loc":{"start":{"line":102,"column":4},"end":{"line":110,"column":5}},"type":"if","locations":[{"start":{"line":102,"column":4},"end":{"line":110,"column":5}},{"start":{"line":102,"column":4},"end":{"line":110,"column":5}}],"line":102},"3":{"loc":{"start":{"line":102,"column":7},"end":{"line":108,"column":54}},"type":"binary-expr","locations":[{"start":{"line":102,"column":7},"end":{"line":102,"column":53}},{"start":{"line":103,"column":4},"end":{"line":103,"column":48}},{"start":{"line":104,"column":4},"end":{"line":104,"column":55}},{"start":{"line":105,"column":4},"end":{"line":105,"column":53}},{"start":{"line":106,"column":4},"end":{"line":106,"column":49}},{"start":{"line":107,"column":4},"end":{"line":107,"column":56}},{"start":{"line":108,"column":4},"end":{"line":108,"column":54}}],"line":102},"4":{"loc":{"start":{"line":120,"column":4},"end":{"line":134,"column":5}},"type":"if","locations":[{"start":{"line":120,"column":4},"end":{"line":134,"column":5}},{"start":{"line":120,"column":4},"end":{"line":134,"column":5}}],"line":120},"5":{"loc":{"start":{"line":120,"column":7},"end":{"line":132,"column":48}},"type":"binary-expr","locations":[{"start":{"line":120,"column":7},"end":{"line":120,"column":69}},{"start":{"line":121,"column":4},"end":{"line":121,"column":66}},{"start":{"line":122,"column":4},"end":{"line":122,"column":56}},{"start":{"line":123,"column":4},"end":{"line":123,"column":64}},{"start":{"line":124,"column":4},"end":{"line":124,"column":61}},{"start":{"line":125,"column":4},"end":{"line":125,"column":64}},{"start":{"line":126,"column":4},"end":{"line":126,"column":54}},{"start":{"line":127,"column":4},"end":{"line":127,"column":65}},{"start":{"line":128,"column":4},"end":{"line":128,"column":62}},{"start":{"line":129,"column":4},"end":{"line":129,"column":65}},{"start":{"line":130,"column":4},"end":{"line":130,"column":55}},{"start":{"line":131,"column":4},"end":{"line":131,"column":49}},{"start":{"line":132,"column":4},"end":{"line":132,"column":48}}],"line":120},"6":{"loc":{"start":{"line":144,"column":4},"end":{"line":146,"column":5}},"type":"if","locations":[{"start":{"line":144,"column":4},"end":{"line":146,"column":5}},{"start":{"line":144,"column":4},"end":{"line":146,"column":5}}],"line":144}},"s":{"0":4,"1":15,"2":9,"3":6,"4":16,"5":7,"6":9,"7":23,"8":22,"9":1,"10":11,"11":1,"12":10,"13":4,"14":4,"15":4,"16":4,"17":4},"f":{"0":15,"1":16,"2":23,"3":11},"b":{"0":[9,6],"1":[15,14,13,12,8,7],"2":[7,9],"3":[16,15,14,13,12,11,10],"4":[22,1],"5":[23,22,21,20,19,18,17,16,15,14,13,12,8],"6":[1,10]},"_coverageSchema":"332fd63041d2c1bcb487cc26dd0d5f7d97098a6c","hash":"36a75bea3e9326e3182612168206b2a76c577dca"}
,"C:\\Users\\Javi\\Desktop\\Testing\\app\\data\\json_reader.js": {"path":"C:\\Users\\Javi\\Desktop\\Testing\\app\\data\\json_reader.js","statementMap":{"0":{"start":{"line":1,"column":11},"end":{"line":1,"column":24}},"1":{"start":{"line":2,"column":22},"end":{"line":2,"column":65}},"2":{"start":{"line":3,"column":19},"end":{"line":3,"column":44}},"3":{"start":{"line":4,"column":16},"end":{"line":4,"column":42}},"4":{"start":{"line":12,"column":21},"end":{"line":12,"column":23}},"5":{"start":{"line":13,"column":4},"end":{"line":17,"column":5}},"6":{"start":{"line":14,"column":17},"end":{"line":14,"column":48}},"7":{"start":{"line":15,"column":24},"end":{"line":15,"column":63}},"8":{"start":{"line":16,"column":8},"end":{"line":16,"column":35}},"9":{"start":{"line":18,"column":4},"end":{"line":18,"column":22}},"10":{"start":{"line":28,"column":21},"end":{"line":28,"column":30}},"11":{"start":{"line":29,"column":4},"end":{"line":36,"column":5}},"12":{"start":{"line":30,"column":8},"end":{"line":30,"column":42}},"13":{"start":{"line":32,"column":8},"end":{"line":35,"column":53}},"14":{"start":{"line":33,"column":12},"end":{"line":33,"column":62}},"15":{"start":{"line":35,"column":13},"end":{"line":35,"column":53}},"16":{"start":{"line":37,"column":4},"end":{"line":37,"column":22}},"17":{"start":{"line":40,"column":0},"end":{"line":40,"column":36}},"18":{"start":{"line":41,"column":0},"end":{"line":41,"column":55}}},"fnMap":{"0":{"name":"extractDataFromRawJSON","decl":{"start":{"line":11,"column":9},"end":{"line":11,"column":31}},"loc":{"start":{"line":11,"column":43},"end":{"line":19,"column":1}},"line":11},"1":{"name":"readJSONData","decl":{"start":{"line":27,"column":9},"end":{"line":27,"column":21}},"loc":{"start":{"line":27,"column":31},"end":{"line":38,"column":1}},"line":27}},"branchMap":{"0":{"loc":{"start":{"line":32,"column":8},"end":{"line":35,"column":53}},"type":"if","locations":[{"start":{"line":32,"column":8},"end":{"line":35,"column":53}},{"start":{"line":32,"column":8},"end":{"line":35,"column":53}}],"line":32}},"s":{"0":3,"1":3,"2":3,"3":3,"4":3,"5":3,"6":9,"7":9,"8":9,"9":3,"10":7,"11":7,"12":7,"13":2,"14":1,"15":1,"16":5,"17":3,"18":3},"f":{"0":3,"1":7},"b":{"0":[1,1]},"_coverageSchema":"332fd63041d2c1bcb487cc26dd0d5f7d97098a6c","hash":"11c35308b3b50bdcae92e727168f95690e767390"}
,"C:\\Users\\Javi\\Desktop\\Testing\\app\\data\\league.js": {"path":"C:\\Users\\Javi\\Desktop\\Testing\\app\\data\\league.js","statementMap":{"0":{"start":{"line":1,"column":13},"end":{"line":1,"column":35}},"1":{"start":{"line":12,"column":8},"end":{"line":12,"column":37}},"2":{"start":{"line":13,"column":8},"end":{"line":13,"column":43}},"3":{"start":{"line":14,"column":8},"end":{"line":14,"column":29}},"4":{"start":{"line":15,"column":8},"end":{"line":15,"column":32}},"5":{"start":{"line":24,"column":8},"end":{"line":26,"column":9}},"6":{"start":{"line":25,"column":12},"end":{"line":25,"column":58}},"7":{"start":{"line":27,"column":8},"end":{"line":27,"column":34}},"8":{"start":{"line":37,"column":8},"end":{"line":37,"column":27}},"9":{"start":{"line":51,"column":8},"end":{"line":53,"column":9}},"10":{"start":{"line":52,"column":12},"end":{"line":52,"column":67}},"11":{"start":{"line":55,"column":24},"end":{"line":55,"column":49}},"12":{"start":{"line":56,"column":30},"end":{"line":56,"column":39}},"13":{"start":{"line":57,"column":8},"end":{"line":66,"column":9}},"14":{"start":{"line":59,"column":35},"end":{"line":59,"column":90}},"15":{"start":{"line":59,"column":61},"end":{"line":59,"column":89}},"16":{"start":{"line":61,"column":28},"end":{"line":61,"column":86}},"17":{"start":{"line":63,"column":23},"end":{"line":63,"column":108}},"18":{"start":{"line":65,"column":12},"end":{"line":65,"column":36}},"19":{"start":{"line":67,"column":8},"end":{"line":67,"column":25}},"20":{"start":{"line":71,"column":0},"end":{"line":71,"column":24}}},"fnMap":{"0":{"name":"(anonymous_0)","decl":{"start":{"line":11,"column":4},"end":{"line":11,"column":5}},"loc":{"start":{"line":11,"column":30},"end":{"line":16,"column":5}},"line":11},"1":{"name":"(anonymous_1)","decl":{"start":{"line":23,"column":4},"end":{"line":23,"column":5}},"loc":{"start":{"line":23,"column":17},"end":{"line":28,"column":5}},"line":23},"2":{"name":"(anonymous_2)","decl":{"start":{"line":36,"column":4},"end":{"line":36,"column":5}},"loc":{"start":{"line":36,"column":20},"end":{"line":38,"column":5}},"line":36},"3":{"name":"(anonymous_3)","decl":{"start":{"line":49,"column":4},"end":{"line":49,"column":5}},"loc":{"start":{"line":49,"column":81},"end":{"line":68,"column":5}},"line":49},"4":{"name":"(anonymous_4)","decl":{"start":{"line":59,"column":53},"end":{"line":59,"column":54}},"loc":{"start":{"line":59,"column":61},"end":{"line":59,"column":89}},"line":59}},"branchMap":{"0":{"loc":{"start":{"line":24,"column":8},"end":{"line":26,"column":9}},"type":"if","locations":[{"start":{"line":24,"column":8},"end":{"line":26,"column":9}},{"start":{"line":24,"column":8},"end":{"line":26,"column":9}}],"line":24},"1":{"loc":{"start":{"line":51,"column":8},"end":{"line":53,"column":9}},"type":"if","locations":[{"start":{"line":51,"column":8},"end":{"line":53,"column":9}},{"start":{"line":51,"column":8},"end":{"line":53,"column":9}}],"line":51}},"s":{"0":1,"1":4,"2":4,"3":4,"4":4,"5":5,"6":1,"7":4,"8":1,"9":0,"10":0,"11":0,"12":0,"13":0,"14":0,"15":0,"16":0,"17":0,"18":0,"19":0,"20":1},"f":{"0":4,"1":5,"2":1,"3":0,"4":0},"b":{"0":[1,4],"1":[0,0]},"_coverageSchema":"332fd63041d2c1bcb487cc26dd0d5f7d97098a6c","hash":"6496ba2057ecb9b16a985e78a3a6324534598a5e"}
,"C:\\Users\\Javi\\Desktop\\Testing\\app\\data\\player.js": {"path":"C:\\Users\\Javi\\Desktop\\Testing\\app\\data\\player.js","statementMap":{"0":{"start":{"line":1,"column":22},"end":{"line":1,"column":48}},"1":{"start":{"line":2,"column":16},"end":{"line":2,"column":46}},"2":{"start":{"line":3,"column":21},"end":{"line":3,"column":47}},"3":{"start":{"line":4,"column":21},"end":{"line":4,"column":47}},"4":{"start":{"line":5,"column":18},"end":{"line":5,"column":41}},"5":{"start":{"line":6,"column":15},"end":{"line":6,"column":35}},"6":{"start":{"line":17,"column":8},"end":{"line":17,"column":27}},"7":{"start":{"line":30,"column":21},"end":{"line":30,"column":41}},"8":{"start":{"line":31,"column":8},"end":{"line":31,"column":52}},"9":{"start":{"line":32,"column":8},"end":{"line":32,"column":49}},"10":{"start":{"line":33,"column":8},"end":{"line":33,"column":55}},"11":{"start":{"line":34,"column":8},"end":{"line":34,"column":47}},"12":{"start":{"line":35,"column":8},"end":{"line":35,"column":49}},"13":{"start":{"line":36,"column":8},"end":{"line":36,"column":63}},"14":{"start":{"line":37,"column":8},"end":{"line":37,"column":58}},"15":{"start":{"line":40,"column":8},"end":{"line":50,"column":13}},"16":{"start":{"line":41,"column":24},"end":{"line":41,"column":36}},"17":{"start":{"line":43,"column":12},"end":{"line":43,"column":42}},"18":{"start":{"line":45,"column":12},"end":{"line":45,"column":42}},"19":{"start":{"line":47,"column":12},"end":{"line":47,"column":47}},"20":{"start":{"line":49,"column":12},"end":{"line":49,"column":45}},"21":{"start":{"line":52,"column":33},"end":{"line":52,"column":94}},"22":{"start":{"line":53,"column":8},"end":{"line":53,"column":64}},"23":{"start":{"line":54,"column":8},"end":{"line":54,"column":52}},"24":{"start":{"line":55,"column":8},"end":{"line":55,"column":58}},"25":{"start":{"line":56,"column":8},"end":{"line":56,"column":64}},"26":{"start":{"line":57,"column":8},"end":{"line":57,"column":22}},"27":{"start":{"line":67,"column":8},"end":{"line":67,"column":34}},"28":{"start":{"line":75,"column":8},"end":{"line":75,"column":31}},"29":{"start":{"line":83,"column":8},"end":{"line":83,"column":28}},"30":{"start":{"line":91,"column":8},"end":{"line":91,"column":34}},"31":{"start":{"line":99,"column":8},"end":{"line":99,"column":26}},"32":{"start":{"line":107,"column":8},"end":{"line":107,"column":28}},"33":{"start":{"line":115,"column":8},"end":{"line":115,"column":25}},"34":{"start":{"line":123,"column":8},"end":{"line":123,"column":24}},"35":{"start":{"line":131,"column":8},"end":{"line":131,"column":25}},"36":{"start":{"line":139,"column":8},"end":{"line":139,"column":23}},"37":{"start":{"line":147,"column":8},"end":{"line":147,"column":28}},"38":{"start":{"line":156,"column":8},"end":{"line":158,"column":9}},"39":{"start":{"line":157,"column":12},"end":{"line":157,"column":24}},"40":{"start":{"line":159,"column":8},"end":{"line":159,"column":21}},"41":{"start":{"line":163,"column":0},"end":{"line":163,"column":24}}},"fnMap":{"0":{"name":"(anonymous_0)","decl":{"start":{"line":16,"column":4},"end":{"line":16,"column":5}},"loc":{"start":{"line":16,"column":25},"end":{"line":18,"column":5}},"line":16},"1":{"name":"(anonymous_1)","decl":{"start":{"line":26,"column":4},"end":{"line":26,"column":5}},"loc":{"start":{"line":26,"column":53},"end":{"line":58,"column":5}},"line":26},"2":{"name":"(anonymous_2)","decl":{"start":{"line":66,"column":4},"end":{"line":66,"column":5}},"loc":{"start":{"line":66,"column":18},"end":{"line":68,"column":5}},"line":66},"3":{"name":"(anonymous_3)","decl":{"start":{"line":74,"column":4},"end":{"line":74,"column":5}},"loc":{"start":{"line":74,"column":15},"end":{"line":76,"column":5}},"line":74},"4":{"name":"(anonymous_4)","decl":{"start":{"line":82,"column":4},"end":{"line":82,"column":5}},"loc":{"start":{"line":82,"column":12},"end":{"line":84,"column":5}},"line":82},"5":{"name":"(anonymous_5)","decl":{"start":{"line":90,"column":4},"end":{"line":90,"column":5}},"loc":{"start":{"line":90,"column":18},"end":{"line":92,"column":5}},"line":90},"6":{"name":"(anonymous_6)","decl":{"start":{"line":98,"column":4},"end":{"line":98,"column":5}},"loc":{"start":{"line":98,"column":14},"end":{"line":100,"column":5}},"line":98},"7":{"name":"(anonymous_7)","decl":{"start":{"line":106,"column":4},"end":{"line":106,"column":5}},"loc":{"start":{"line":106,"column":20},"end":{"line":108,"column":5}},"line":106},"8":{"name":"(anonymous_8)","decl":{"start":{"line":114,"column":4},"end":{"line":114,"column":5}},"loc":{"start":{"line":114,"column":13},"end":{"line":116,"column":5}},"line":114},"9":{"name":"(anonymous_9)","decl":{"start":{"line":122,"column":4},"end":{"line":122,"column":5}},"loc":{"start":{"line":122,"column":12},"end":{"line":124,"column":5}},"line":122},"10":{"name":"(anonymous_10)","decl":{"start":{"line":130,"column":4},"end":{"line":130,"column":5}},"loc":{"start":{"line":130,"column":13},"end":{"line":132,"column":5}},"line":130},"11":{"name":"(anonymous_11)","decl":{"start":{"line":138,"column":4},"end":{"line":138,"column":5}},"loc":{"start":{"line":138,"column":11},"end":{"line":140,"column":5}},"line":138},"12":{"name":"(anonymous_12)","decl":{"start":{"line":146,"column":4},"end":{"line":146,"column":5}},"loc":{"start":{"line":146,"column":16},"end":{"line":148,"column":5}},"line":146},"13":{"name":"(anonymous_13)","decl":{"start":{"line":155,"column":4},"end":{"line":155,"column":5}},"loc":{"start":{"line":155,"column":15},"end":{"line":160,"column":5}},"line":155}},"branchMap":{"0":{"loc":{"start":{"line":40,"column":8},"end":{"line":50,"column":13}},"type":"if","locations":[{"start":{"line":40,"column":8},"end":{"line":50,"column":13}},{"start":{"line":40,"column":8},"end":{"line":50,"column":13}}],"line":40},"1":{"loc":{"start":{"line":156,"column":8},"end":{"line":158,"column":9}},"type":"if","locations":[{"start":{"line":156,"column":8},"end":{"line":158,"column":9}},{"start":{"line":156,"column":8},"end":{"line":158,"column":9}}],"line":156},"2":{"loc":{"start":{"line":156,"column":11},"end":{"line":156,"column":69}},"type":"binary-expr","locations":[{"start":{"line":156,"column":11},"end":{"line":156,"column":38}},{"start":{"line":156,"column":42},"end":{"line":156,"column":69}}],"line":156}},"s":{"0":4,"1":4,"2":4,"3":4,"4":4,"5":4,"6":77,"7":9,"8":9,"9":9,"10":9,"11":9,"12":9,"13":9,"14":9,"15":9,"16":9,"17":9,"18":9,"19":9,"20":9,"21":9,"22":9,"23":9,"24":9,"25":9,"26":9,"27":24,"28":1,"29":1,"30":1,"31":7,"32":1,"33":1,"34":1,"35":1,"36":12,"37":1,"38":6,"39":3,"40":3,"41":4},"f":{"0":77,"1":9,"2":24,"3":1,"4":1,"5":1,"6":7,"7":1,"8":1,"9":1,"10":1,"11":12,"12":1,"13":6},"b":{"0":[9,0],"1":[3,3],"2":[6,6]},"_coverageSchema":"332fd63041d2c1bcb487cc26dd0d5f7d97098a6c","hash":"a79dc7abf5275f83ee184f30d31a9cc04e32888d"}
,"C:\\Users\\Javi\\Desktop\\Testing\\app\\data\\team.js": {"path":"C:\\Users\\Javi\\Desktop\\Testing\\app\\data\\team.js","statementMap":{"0":{"start":{"line":11,"column":8},"end":{"line":11,"column":33}},"1":{"start":{"line":12,"column":8},"end":{"line":12,"column":39}},"2":{"start":{"line":13,"column":8},"end":{"line":13,"column":27}},"3":{"start":{"line":21,"column":8},"end":{"line":21,"column":29}},"4":{"start":{"line":29,"column":8},"end":{"line":29,"column":30}},"5":{"start":{"line":37,"column":8},"end":{"line":37,"column":40}},"6":{"start":{"line":46,"column":8},"end":{"line":50,"column":9}},"7":{"start":{"line":47,"column":12},"end":{"line":49,"column":13}},"8":{"start":{"line":48,"column":16},"end":{"line":48,"column":28}},"9":{"start":{"line":51,"column":8},"end":{"line":51,"column":21}},"10":{"start":{"line":59,"column":8},"end":{"line":59,"column":39}},"11":{"start":{"line":68,"column":8},"end":{"line":72,"column":9}},"12":{"start":{"line":69,"column":12},"end":{"line":69,"column":42}},"13":{"start":{"line":70,"column":12},"end":{"line":70,"column":46}},"14":{"start":{"line":71,"column":12},"end":{"line":71,"column":24}},"15":{"start":{"line":73,"column":8},"end":{"line":73,"column":21}},"16":{"start":{"line":81,"column":8},"end":{"line":83,"column":9}},"17":{"start":{"line":82,"column":12},"end":{"line":82,"column":35}},"18":{"start":{"line":91,"column":8},"end":{"line":91,"column":17}},"19":{"start":{"line":99,"column":31},"end":{"line":99,"column":96}},"20":{"start":{"line":100,"column":26},"end":{"line":100,"column":82}},"21":{"start":{"line":101,"column":8},"end":{"line":101,"column":45}},"22":{"start":{"line":113,"column":33},"end":{"line":113,"column":50}},"23":{"start":{"line":115,"column":8},"end":{"line":118,"column":9}},"24":{"start":{"line":116,"column":12},"end":{"line":117,"column":53}},"25":{"start":{"line":120,"column":8},"end":{"line":120,"column":78}},"26":{"start":{"line":120,"column":61},"end":{"line":120,"column":75}},"27":{"start":{"line":122,"column":8},"end":{"line":124,"column":9}},"28":{"start":{"line":122,"column":42},"end":{"line":122,"column":50}},"29":{"start":{"line":123,"column":12},"end":{"line":123,"column":74}},"30":{"start":{"line":126,"column":24},"end":{"line":126,"column":25}},"31":{"start":{"line":127,"column":20},"end":{"line":127,"column":21}},"32":{"start":{"line":128,"column":8},"end":{"line":130,"column":9}},"33":{"start":{"line":129,"column":12},"end":{"line":129,"column":38}},"34":{"start":{"line":131,"column":8},"end":{"line":133,"column":9}},"35":{"start":{"line":132,"column":12},"end":{"line":132,"column":52}},"36":{"start":{"line":135,"column":8},"end":{"line":135,"column":34}},"37":{"start":{"line":146,"column":27},"end":{"line":146,"column":31}},"38":{"start":{"line":147,"column":10},"end":{"line":149,"column":11}},"39":{"start":{"line":148,"column":14},"end":{"line":148,"column":65}},"40":{"start":{"line":151,"column":32},"end":{"line":151,"column":43}},"41":{"start":{"line":152,"column":32},"end":{"line":152,"column":51}},"42":{"start":{"line":154,"column":10},"end":{"line":163,"column":11}},"43":{"start":{"line":155,"column":30},"end":{"line":155,"column":78}},"44":{"start":{"line":156,"column":25},"end":{"line":156,"column":53}},"45":{"start":{"line":158,"column":12},"end":{"line":161,"column":13}},"46":{"start":{"line":159,"column":14},"end":{"line":159,"column":43}},"47":{"start":{"line":160,"column":14},"end":{"line":160,"column":28}},"48":{"start":{"line":164,"column":10},"end":{"line":164,"column":33}},"49":{"start":{"line":179,"column":33},"end":{"line":179,"column":58}},"50":{"start":{"line":180,"column":28},"end":{"line":180,"column":59}},"51":{"start":{"line":181,"column":32},"end":{"line":181,"column":63}},"52":{"start":{"line":182,"column":31},"end":{"line":182,"column":62}},"53":{"start":{"line":183,"column":33},"end":{"line":183,"column":89}},"54":{"start":{"line":185,"column":8},"end":{"line":187,"column":9}},"55":{"start":{"line":186,"column":12},"end":{"line":186,"column":65}},"56":{"start":{"line":188,"column":8},"end":{"line":190,"column":9}},"57":{"start":{"line":189,"column":12},"end":{"line":189,"column":61}},"58":{"start":{"line":191,"column":8},"end":{"line":193,"column":9}},"59":{"start":{"line":192,"column":12},"end":{"line":192,"column":63}},"60":{"start":{"line":194,"column":8},"end":{"line":196,"column":9}},"61":{"start":{"line":195,"column":12},"end":{"line":195,"column":65}},"62":{"start":{"line":200,"column":8},"end":{"line":227,"column":9}},"63":{"start":{"line":201,"column":26},"end":{"line":201,"column":44}},"64":{"start":{"line":203,"column":35},"end":{"line":203,"column":44}},"65":{"start":{"line":205,"column":12},"end":{"line":222,"column":13}},"66":{"start":{"line":206,"column":25},"end":{"line":206,"column":46}},"67":{"start":{"line":207,"column":25},"end":{"line":207,"column":40}},"68":{"start":{"line":208,"column":25},"end":{"line":208,"column":46}},"69":{"start":{"line":209,"column":25},"end":{"line":209,"column":43}},"70":{"start":{"line":211,"column":40},"end":{"line":211,"column":65}},"71":{"start":{"line":213,"column":46},"end":{"line":213,"column":71}},"72":{"start":{"line":215,"column":34},"end":{"line":215,"column":79}},"73":{"start":{"line":217,"column":38},"end":{"line":217,"column":97}},"74":{"start":{"line":219,"column":16},"end":{"line":219,"column":88}},"75":{"start":{"line":219,"column":50},"end":{"line":219,"column":86}},"76":{"start":{"line":221,"column":16},"end":{"line":221,"column":52}},"77":{"start":{"line":223,"column":12},"end":{"line":225,"column":13}},"78":{"start":{"line":224,"column":16},"end":{"line":224,"column":29}},"79":{"start":{"line":226,"column":12},"end":{"line":226,"column":27}},"80":{"start":{"line":233,"column":0},"end":{"line":233,"column":20}}},"fnMap":{"0":{"name":"(anonymous_0)","decl":{"start":{"line":10,"column":4},"end":{"line":10,"column":5}},"loc":{"start":{"line":10,"column":25},"end":{"line":14,"column":5}},"line":10},"1":{"name":"(anonymous_1)","decl":{"start":{"line":20,"column":4},"end":{"line":20,"column":5}},"loc":{"start":{"line":20,"column":17},"end":{"line":22,"column":5}},"line":20},"2":{"name":"(anonymous_2)","decl":{"start":{"line":28,"column":4},"end":{"line":28,"column":5}},"loc":{"start":{"line":28,"column":18},"end":{"line":30,"column":5}},"line":28},"3":{"name":"(anonymous_3)","decl":{"start":{"line":36,"column":4},"end":{"line":36,"column":5}},"loc":{"start":{"line":36,"column":16},"end":{"line":38,"column":5}},"line":36},"4":{"name":"(anonymous_4)","decl":{"start":{"line":45,"column":4},"end":{"line":45,"column":5}},"loc":{"start":{"line":45,"column":21},"end":{"line":52,"column":5}},"line":45},"5":{"name":"(anonymous_5)","decl":{"start":{"line":58,"column":4},"end":{"line":58,"column":5}},"loc":{"start":{"line":58,"column":22},"end":{"line":60,"column":5}},"line":58},"6":{"name":"(anonymous_6)","decl":{"start":{"line":67,"column":4},"end":{"line":67,"column":5}},"loc":{"start":{"line":67,"column":21},"end":{"line":74,"column":5}},"line":67},"7":{"name":"(anonymous_7)","decl":{"start":{"line":80,"column":4},"end":{"line":80,"column":5}},"loc":{"start":{"line":80,"column":27},"end":{"line":84,"column":5}},"line":80},"8":{"name":"(anonymous_8)","decl":{"start":{"line":90,"column":4},"end":{"line":90,"column":5}},"loc":{"start":{"line":90,"column":27},"end":{"line":92,"column":5}},"line":90},"9":{"name":"(anonymous_9)","decl":{"start":{"line":98,"column":4},"end":{"line":98,"column":5}},"loc":{"start":{"line":98,"column":32},"end":{"line":102,"column":5}},"line":98},"10":{"name":"(anonymous_10)","decl":{"start":{"line":111,"column":4},"end":{"line":111,"column":5}},"loc":{"start":{"line":111,"column":31},"end":{"line":136,"column":5}},"line":111},"11":{"name":"(anonymous_11)","decl":{"start":{"line":120,"column":53},"end":{"line":120,"column":54}},"loc":{"start":{"line":120,"column":61},"end":{"line":120,"column":75}},"line":120},"12":{"name":"(anonymous_12)","decl":{"start":{"line":122,"column":37},"end":{"line":122,"column":38}},"loc":{"start":{"line":122,"column":42},"end":{"line":122,"column":50}},"line":122},"13":{"name":"(anonymous_13)","decl":{"start":{"line":145,"column":4},"end":{"line":145,"column":5}},"loc":{"start":{"line":145,"column":55},"end":{"line":165,"column":7}},"line":145},"14":{"name":"(anonymous_14)","decl":{"start":{"line":177,"column":4},"end":{"line":177,"column":5}},"loc":{"start":{"line":177,"column":74},"end":{"line":229,"column":5}},"line":177},"15":{"name":"(anonymous_15)","decl":{"start":{"line":206,"column":17},"end":{"line":206,"column":18}},"loc":{"start":{"line":206,"column":25},"end":{"line":206,"column":46}},"line":206},"16":{"name":"(anonymous_16)","decl":{"start":{"line":207,"column":17},"end":{"line":207,"column":18}},"loc":{"start":{"line":207,"column":25},"end":{"line":207,"column":40}},"line":207},"17":{"name":"(anonymous_17)","decl":{"start":{"line":208,"column":17},"end":{"line":208,"column":18}},"loc":{"start":{"line":208,"column":25},"end":{"line":208,"column":46}},"line":208},"18":{"name":"(anonymous_18)","decl":{"start":{"line":209,"column":17},"end":{"line":209,"column":18}},"loc":{"start":{"line":209,"column":25},"end":{"line":209,"column":43}},"line":209},"19":{"name":"(anonymous_19)","decl":{"start":{"line":219,"column":40},"end":{"line":219,"column":41}},"loc":{"start":{"line":219,"column":50},"end":{"line":219,"column":86}},"line":219}},"branchMap":{"0":{"loc":{"start":{"line":47,"column":12},"end":{"line":49,"column":13}},"type":"if","locations":[{"start":{"line":47,"column":12},"end":{"line":49,"column":13}},{"start":{"line":47,"column":12},"end":{"line":49,"column":13}}],"line":47},"1":{"loc":{"start":{"line":68,"column":8},"end":{"line":72,"column":9}},"type":"if","locations":[{"start":{"line":68,"column":8},"end":{"line":72,"column":9}},{"start":{"line":68,"column":8},"end":{"line":72,"column":9}}],"line":68},"2":{"loc":{"start":{"line":115,"column":8},"end":{"line":118,"column":9}},"type":"if","locations":[{"start":{"line":115,"column":8},"end":{"line":118,"column":9}},{"start":{"line":115,"column":8},"end":{"line":118,"column":9}}],"line":115},"3":{"loc":{"start":{"line":122,"column":8},"end":{"line":124,"column":9}},"type":"if","locations":[{"start":{"line":122,"column":8},"end":{"line":124,"column":9}},{"start":{"line":122,"column":8},"end":{"line":124,"column":9}}],"line":122},"4":{"loc":{"start":{"line":131,"column":8},"end":{"line":133,"column":9}},"type":"if","locations":[{"start":{"line":131,"column":8},"end":{"line":133,"column":9}},{"start":{"line":131,"column":8},"end":{"line":133,"column":9}}],"line":131},"5":{"loc":{"start":{"line":147,"column":10},"end":{"line":149,"column":11}},"type":"if","locations":[{"start":{"line":147,"column":10},"end":{"line":149,"column":11}},{"start":{"line":147,"column":10},"end":{"line":149,"column":11}}],"line":147},"6":{"loc":{"start":{"line":158,"column":12},"end":{"line":161,"column":13}},"type":"if","locations":[{"start":{"line":158,"column":12},"end":{"line":161,"column":13}},{"start":{"line":158,"column":12},"end":{"line":161,"column":13}}],"line":158},"7":{"loc":{"start":{"line":185,"column":8},"end":{"line":187,"column":9}},"type":"if","locations":[{"start":{"line":185,"column":8},"end":{"line":187,"column":9}},{"start":{"line":185,"column":8},"end":{"line":187,"column":9}}],"line":185},"8":{"loc":{"start":{"line":188,"column":8},"end":{"line":190,"column":9}},"type":"if","locations":[{"start":{"line":188,"column":8},"end":{"line":190,"column":9}},{"start":{"line":188,"column":8},"end":{"line":190,"column":9}}],"line":188},"9":{"loc":{"start":{"line":191,"column":8},"end":{"line":193,"column":9}},"type":"if","locations":[{"start":{"line":191,"column":8},"end":{"line":193,"column":9}},{"start":{"line":191,"column":8},"end":{"line":193,"column":9}}],"line":191},"10":{"loc":{"start":{"line":194,"column":8},"end":{"line":196,"column":9}},"type":"if","locations":[{"start":{"line":194,"column":8},"end":{"line":196,"column":9}},{"start":{"line":194,"column":8},"end":{"line":196,"column":9}}],"line":194},"11":{"loc":{"start":{"line":223,"column":12},"end":{"line":225,"column":13}},"type":"if","locations":[{"start":{"line":223,"column":12},"end":{"line":225,"column":13}},{"start":{"line":223,"column":12},"end":{"line":225,"column":13}}],"line":223}},"s":{"0":12,"1":12,"2":12,"3":0,"4":0,"5":0,"6":9,"7":5,"8":2,"9":7,"10":1,"11":7,"12":6,"13":6,"14":6,"15":1,"16":1,"17":2,"18":1,"19":1001,"20":1001,"21":1001,"22":4,"23":4,"24":0,"25":4,"26":12,"27":4,"28":12,"29":1,"30":3,"31":3,"32":3,"33":9,"34":3,"35":1,"36":2,"37":3,"38":3,"39":2,"40":1,"41":1,"42":1,"43":13,"44":13,"45":13,"46":10,"47":10,"48":1,"49":1,"50":1,"51":1,"52":1,"53":1,"54":1,"55":0,"56":1,"57":0,"58":1,"59":0,"60":1,"61":0,"62":1,"63":1,"64":1,"65":1,"66":23,"67":0,"68":0,"69":0,"70":1,"71":1,"72":1,"73":1,"74":0,"75":0,"76":0,"77":0,"78":0,"79":0,"80":4},"f":{"0":12,"1":0,"2":0,"3":0,"4":9,"5":1,"6":7,"7":1,"8":1,"9":1001,"10":4,"11":12,"12":12,"13":3,"14":1,"15":23,"16":0,"17":0,"18":0,"19":0},"b":{"0":[2,3],"1":[6,1],"2":[0,4],"3":[1,3],"4":[1,2],"5":[2,1],"6":[10,3],"7":[0,1],"8":[0,1],"9":[0,1],"10":[0,1],"11":[0,0]},"_coverageSchema":"332fd63041d2c1bcb487cc26dd0d5f7d97098a6c","hash":"d414df426ab1d01f3f511fdf37017f394162981e"}
}
