{"C:\\Users\\Javi\\Desktop\\Testing\\app\\data\\league.js": {"path":"C:\\Users\\Javi\\Desktop\\Testing\\app\\data\\league.js","statementMap":{"0":{"start":{"line":1,"column":13},"end":{"line":1,"column":35}},"1":{"start":{"line":12,"column":8},"end":{"line":12,"column":37}},"2":{"start":{"line":13,"column":8},"end":{"line":13,"column":43}},"3":{"start":{"line":14,"column":8},"end":{"line":14,"column":29}},"4":{"start":{"line":15,"column":8},"end":{"line":15,"column":32}},"5":{"start":{"line":24,"column":8},"end":{"line":26,"column":9}},"6":{"start":{"line":25,"column":12},"end":{"line":25,"column":58}},"7":{"start":{"line":27,"column":8},"end":{"line":27,"column":34}},"8":{"start":{"line":37,"column":8},"end":{"line":37,"column":27}},"9":{"start":{"line":51,"column":8},"end":{"line":53,"column":9}},"10":{"start":{"line":52,"column":12},"end":{"line":52,"column":67}},"11":{"start":{"line":55,"column":24},"end":{"line":55,"column":49}},"12":{"start":{"line":56,"column":30},"end":{"line":56,"column":39}},"13":{"start":{"line":57,"column":8},"end":{"line":66,"column":9}},"14":{"start":{"line":59,"column":35},"end":{"line":59,"column":90}},"15":{"start":{"line":59,"column":61},"end":{"line":59,"column":89}},"16":{"start":{"line":61,"column":28},"end":{"line":61,"column":86}},"17":{"start":{"line":63,"column":23},"end":{"line":63,"column":108}},"18":{"start":{"line":65,"column":12},"end":{"line":65,"column":36}},"19":{"start":{"line":67,"column":8},"end":{"line":67,"column":25}},"20":{"start":{"line":71,"column":0},"end":{"line":71,"column":24}}},"fnMap":{"0":{"name":"(anonymous_0)","decl":{"start":{"line":11,"column":4},"end":{"line":11,"column":5}},"loc":{"start":{"line":11,"column":30},"end":{"line":16,"column":5}},"line":11},"1":{"name":"(anonymous_1)","decl":{"start":{"line":23,"column":4},"end":{"line":23,"column":5}},"loc":{"start":{"line":23,"column":17},"end":{"line":28,"column":5}},"line":23},"2":{"name":"(anonymous_2)","decl":{"start":{"line":36,"column":4},"end":{"line":36,"column":5}},"loc":{"start":{"line":36,"column":20},"end":{"line":38,"column":5}},"line":36},"3":{"name":"(anonymous_3)","decl":{"start":{"line":49,"column":4},"end":{"line":49,"column":5}},"loc":{"start":{"line":49,"column":81},"end":{"line":68,"column":5}},"line":49},"4":{"name":"(anonymous_4)","decl":{"start":{"line":59,"column":53},"end":{"line":59,"column":54}},"loc":{"start":{"line":59,"column":61},"end":{"line":59,"column":89}},"line":59}},"branchMap":{"0":{"loc":{"start":{"line":24,"column":8},"end":{"line":26,"column":9}},"type":"if","locations":[{"start":{"line":24,"column":8},"end":{"line":26,"column":9}},{"start":{"line":24,"column":8},"end":{"line":26,"column":9}}],"line":24},"1":{"loc":{"start":{"line":51,"column":8},"end":{"line":53,"column":9}},"type":"if","locations":[{"start":{"line":51,"column":8},"end":{"line":53,"column":9}},{"start":{"line":51,"column":8},"end":{"line":53,"column":9}}],"line":51}},"s":{"0":1,"1":3,"2":3,"3":3,"4":3,"5":5,"6":1,"7":4,"8":0,"9":0,"10":0,"11":0,"12":0,"13":0,"14":0,"15":0,"16":0,"17":0,"18":0,"19":0,"20":1},"f":{"0":3,"1":5,"2":0,"3":0,"4":0},"b":{"0":[1,4],"1":[0,0]},"_coverageSchema":"332fd63041d2c1bcb487cc26dd0d5f7d97098a6c","hash":"6496ba2057ecb9b16a985e78a3a6324534598a5e"}
,"C:\\Users\\Javi\\Desktop\\Testing\\app\\data\\team.js": {"path":"C:\\Users\\Javi\\Desktop\\Testing\\app\\data\\team.js","statementMap":{"0":{"start":{"line":11,"column":8},"end":{"line":11,"column":33}},"1":{"start":{"line":12,"column":8},"end":{"line":12,"column":39}},"2":{"start":{"line":13,"column":8},"end":{"line":13,"column":27}},"3":{"start":{"line":21,"column":8},"end":{"line":21,"column":29}},"4":{"start":{"line":29,"column":8},"end":{"line":29,"column":30}},"5":{"start":{"line":37,"column":8},"end":{"line":37,"column":40}},"6":{"start":{"line":46,"column":8},"end":{"line":50,"column":9}},"7":{"start":{"line":47,"column":12},"end":{"line":49,"column":13}},"8":{"start":{"line":48,"column":16},"end":{"line":48,"column":28}},"9":{"start":{"line":51,"column":8},"end":{"line":51,"column":21}},"10":{"start":{"line":59,"column":8},"end":{"line":59,"column":39}},"11":{"start":{"line":68,"column":8},"end":{"line":72,"column":9}},"12":{"start":{"line":69,"column":12},"end":{"line":69,"column":42}},"13":{"start":{"line":70,"column":12},"end":{"line":70,"column":46}},"14":{"start":{"line":71,"column":12},"end":{"line":71,"column":24}},"15":{"start":{"line":73,"column":8},"end":{"line":73,"column":21}},"16":{"start":{"line":81,"column":8},"end":{"line":83,"column":9}},"17":{"start":{"line":82,"column":12},"end":{"line":82,"column":35}},"18":{"start":{"line":91,"column":8},"end":{"line":91,"column":17}},"19":{"start":{"line":99,"column":31},"end":{"line":99,"column":96}},"20":{"start":{"line":100,"column":26},"end":{"line":100,"column":82}},"21":{"start":{"line":101,"column":8},"end":{"line":101,"column":45}},"22":{"start":{"line":113,"column":33},"end":{"line":113,"column":50}},"23":{"start":{"line":115,"column":8},"end":{"line":118,"column":9}},"24":{"start":{"line":116,"column":12},"end":{"line":117,"column":53}},"25":{"start":{"line":120,"column":8},"end":{"line":120,"column":78}},"26":{"start":{"line":120,"column":61},"end":{"line":120,"column":75}},"27":{"start":{"line":122,"column":8},"end":{"line":124,"column":9}},"28":{"start":{"line":122,"column":42},"end":{"line":122,"column":50}},"29":{"start":{"line":123,"column":12},"end":{"line":123,"column":74}},"30":{"start":{"line":126,"column":24},"end":{"line":126,"column":25}},"31":{"start":{"line":127,"column":20},"end":{"line":127,"column":21}},"32":{"start":{"line":128,"column":8},"end":{"line":130,"column":9}},"33":{"start":{"line":129,"column":12},"end":{"line":129,"column":38}},"34":{"start":{"line":131,"column":8},"end":{"line":133,"column":9}},"35":{"start":{"line":132,"column":12},"end":{"line":132,"column":52}},"36":{"start":{"line":135,"column":8},"end":{"line":135,"column":34}},"37":{"start":{"line":146,"column":27},"end":{"line":146,"column":31}},"38":{"start":{"line":147,"column":10},"end":{"line":149,"column":11}},"39":{"start":{"line":148,"column":14},"end":{"line":148,"column":65}},"40":{"start":{"line":151,"column":32},"end":{"line":151,"column":43}},"41":{"start":{"line":152,"column":32},"end":{"line":152,"column":51}},"42":{"start":{"line":154,"column":10},"end":{"line":163,"column":11}},"43":{"start":{"line":155,"column":30},"end":{"line":155,"column":78}},"44":{"start":{"line":156,"column":25},"end":{"line":156,"column":53}},"45":{"start":{"line":158,"column":12},"end":{"line":161,"column":13}},"46":{"start":{"line":159,"column":14},"end":{"line":159,"column":43}},"47":{"start":{"line":160,"column":14},"end":{"line":160,"column":28}},"48":{"start":{"line":164,"column":10},"end":{"line":164,"column":33}},"49":{"start":{"line":179,"column":33},"end":{"line":179,"column":58}},"50":{"start":{"line":180,"column":28},"end":{"line":180,"column":59}},"51":{"start":{"line":181,"column":32},"end":{"line":181,"column":63}},"52":{"start":{"line":182,"column":31},"end":{"line":182,"column":62}},"53":{"start":{"line":183,"column":33},"end":{"line":183,"column":89}},"54":{"start":{"line":184,"column":8},"end":{"line":186,"column":9}},"55":{"start":{"line":185,"column":12},"end":{"line":185,"column":65}},"56":{"start":{"line":187,"column":8},"end":{"line":189,"column":9}},"57":{"start":{"line":188,"column":12},"end":{"line":188,"column":61}},"58":{"start":{"line":190,"column":8},"end":{"line":192,"column":9}},"59":{"start":{"line":191,"column":12},"end":{"line":191,"column":63}},"60":{"start":{"line":193,"column":8},"end":{"line":195,"column":9}},"61":{"start":{"line":194,"column":12},"end":{"line":194,"column":65}},"62":{"start":{"line":199,"column":8},"end":{"line":224,"column":9}},"63":{"start":{"line":200,"column":26},"end":{"line":200,"column":44}},"64":{"start":{"line":202,"column":35},"end":{"line":202,"column":44}},"65":{"start":{"line":204,"column":12},"end":{"line":221,"column":13}},"66":{"start":{"line":205,"column":25},"end":{"line":205,"column":46}},"67":{"start":{"line":206,"column":25},"end":{"line":206,"column":40}},"68":{"start":{"line":207,"column":25},"end":{"line":207,"column":46}},"69":{"start":{"line":208,"column":25},"end":{"line":208,"column":43}},"70":{"start":{"line":210,"column":40},"end":{"line":210,"column":65}},"71":{"start":{"line":212,"column":46},"end":{"line":212,"column":71}},"72":{"start":{"line":214,"column":34},"end":{"line":214,"column":79}},"73":{"start":{"line":216,"column":38},"end":{"line":216,"column":97}},"74":{"start":{"line":218,"column":16},"end":{"line":218,"column":88}},"75":{"start":{"line":218,"column":50},"end":{"line":218,"column":86}},"76":{"start":{"line":220,"column":16},"end":{"line":220,"column":52}},"77":{"start":{"line":230,"column":0},"end":{"line":230,"column":20}}},"fnMap":{"0":{"name":"(anonymous_0)","decl":{"start":{"line":10,"column":4},"end":{"line":10,"column":5}},"loc":{"start":{"line":10,"column":25},"end":{"line":14,"column":5}},"line":10},"1":{"name":"(anonymous_1)","decl":{"start":{"line":20,"column":4},"end":{"line":20,"column":5}},"loc":{"start":{"line":20,"column":17},"end":{"line":22,"column":5}},"line":20},"2":{"name":"(anonymous_2)","decl":{"start":{"line":28,"column":4},"end":{"line":28,"column":5}},"loc":{"start":{"line":28,"column":18},"end":{"line":30,"column":5}},"line":28},"3":{"name":"(anonymous_3)","decl":{"start":{"line":36,"column":4},"end":{"line":36,"column":5}},"loc":{"start":{"line":36,"column":16},"end":{"line":38,"column":5}},"line":36},"4":{"name":"(anonymous_4)","decl":{"start":{"line":45,"column":4},"end":{"line":45,"column":5}},"loc":{"start":{"line":45,"column":21},"end":{"line":52,"column":5}},"line":45},"5":{"name":"(anonymous_5)","decl":{"start":{"line":58,"column":4},"end":{"line":58,"column":5}},"loc":{"start":{"line":58,"column":22},"end":{"line":60,"column":5}},"line":58},"6":{"name":"(anonymous_6)","decl":{"start":{"line":67,"column":4},"end":{"line":67,"column":5}},"loc":{"start":{"line":67,"column":21},"end":{"line":74,"column":5}},"line":67},"7":{"name":"(anonymous_7)","decl":{"start":{"line":80,"column":4},"end":{"line":80,"column":5}},"loc":{"start":{"line":80,"column":27},"end":{"line":84,"column":5}},"line":80},"8":{"name":"(anonymous_8)","decl":{"start":{"line":90,"column":4},"end":{"line":90,"column":5}},"loc":{"start":{"line":90,"column":27},"end":{"line":92,"column":5}},"line":90},"9":{"name":"(anonymous_9)","decl":{"start":{"line":98,"column":4},"end":{"line":98,"column":5}},"loc":{"start":{"line":98,"column":32},"end":{"line":102,"column":5}},"line":98},"10":{"name":"(anonymous_10)","decl":{"start":{"line":111,"column":4},"end":{"line":111,"column":5}},"loc":{"start":{"line":111,"column":31},"end":{"line":136,"column":5}},"line":111},"11":{"name":"(anonymous_11)","decl":{"start":{"line":120,"column":53},"end":{"line":120,"column":54}},"loc":{"start":{"line":120,"column":61},"end":{"line":120,"column":75}},"line":120},"12":{"name":"(anonymous_12)","decl":{"start":{"line":122,"column":37},"end":{"line":122,"column":38}},"loc":{"start":{"line":122,"column":42},"end":{"line":122,"column":50}},"line":122},"13":{"name":"(anonymous_13)","decl":{"start":{"line":145,"column":4},"end":{"line":145,"column":5}},"loc":{"start":{"line":145,"column":55},"end":{"line":165,"column":7}},"line":145},"14":{"name":"(anonymous_14)","decl":{"start":{"line":177,"column":4},"end":{"line":177,"column":5}},"loc":{"start":{"line":177,"column":74},"end":{"line":226,"column":5}},"line":177},"15":{"name":"(anonymous_15)","decl":{"start":{"line":205,"column":17},"end":{"line":205,"column":18}},"loc":{"start":{"line":205,"column":25},"end":{"line":205,"column":46}},"line":205},"16":{"name":"(anonymous_16)","decl":{"start":{"line":206,"column":17},"end":{"line":206,"column":18}},"loc":{"start":{"line":206,"column":25},"end":{"line":206,"column":40}},"line":206},"17":{"name":"(anonymous_17)","decl":{"start":{"line":207,"column":17},"end":{"line":207,"column":18}},"loc":{"start":{"line":207,"column":25},"end":{"line":207,"column":46}},"line":207},"18":{"name":"(anonymous_18)","decl":{"start":{"line":208,"column":17},"end":{"line":208,"column":18}},"loc":{"start":{"line":208,"column":25},"end":{"line":208,"column":43}},"line":208},"19":{"name":"(anonymous_19)","decl":{"start":{"line":218,"column":40},"end":{"line":218,"column":41}},"loc":{"start":{"line":218,"column":50},"end":{"line":218,"column":86}},"line":218}},"branchMap":{"0":{"loc":{"start":{"line":47,"column":12},"end":{"line":49,"column":13}},"type":"if","locations":[{"start":{"line":47,"column":12},"end":{"line":49,"column":13}},{"start":{"line":47,"column":12},"end":{"line":49,"column":13}}],"line":47},"1":{"loc":{"start":{"line":68,"column":8},"end":{"line":72,"column":9}},"type":"if","locations":[{"start":{"line":68,"column":8},"end":{"line":72,"column":9}},{"start":{"line":68,"column":8},"end":{"line":72,"column":9}}],"line":68},"2":{"loc":{"start":{"line":115,"column":8},"end":{"line":118,"column":9}},"type":"if","locations":[{"start":{"line":115,"column":8},"end":{"line":118,"column":9}},{"start":{"line":115,"column":8},"end":{"line":118,"column":9}}],"line":115},"3":{"loc":{"start":{"line":122,"column":8},"end":{"line":124,"column":9}},"type":"if","locations":[{"start":{"line":122,"column":8},"end":{"line":124,"column":9}},{"start":{"line":122,"column":8},"end":{"line":124,"column":9}}],"line":122},"4":{"loc":{"start":{"line":131,"column":8},"end":{"line":133,"column":9}},"type":"if","locations":[{"start":{"line":131,"column":8},"end":{"line":133,"column":9}},{"start":{"line":131,"column":8},"end":{"line":133,"column":9}}],"line":131},"5":{"loc":{"start":{"line":147,"column":10},"end":{"line":149,"column":11}},"type":"if","locations":[{"start":{"line":147,"column":10},"end":{"line":149,"column":11}},{"start":{"line":147,"column":10},"end":{"line":149,"column":11}}],"line":147},"6":{"loc":{"start":{"line":158,"column":12},"end":{"line":161,"column":13}},"type":"if","locations":[{"start":{"line":158,"column":12},"end":{"line":161,"column":13}},{"start":{"line":158,"column":12},"end":{"line":161,"column":13}}],"line":158},"7":{"loc":{"start":{"line":184,"column":8},"end":{"line":186,"column":9}},"type":"if","locations":[{"start":{"line":184,"column":8},"end":{"line":186,"column":9}},{"start":{"line":184,"column":8},"end":{"line":186,"column":9}}],"line":184},"8":{"loc":{"start":{"line":187,"column":8},"end":{"line":189,"column":9}},"type":"if","locations":[{"start":{"line":187,"column":8},"end":{"line":189,"column":9}},{"start":{"line":187,"column":8},"end":{"line":189,"column":9}}],"line":187},"9":{"loc":{"start":{"line":190,"column":8},"end":{"line":192,"column":9}},"type":"if","locations":[{"start":{"line":190,"column":8},"end":{"line":192,"column":9}},{"start":{"line":190,"column":8},"end":{"line":192,"column":9}}],"line":190},"10":{"loc":{"start":{"line":193,"column":8},"end":{"line":195,"column":9}},"type":"if","locations":[{"start":{"line":193,"column":8},"end":{"line":195,"column":9}},{"start":{"line":193,"column":8},"end":{"line":195,"column":9}}],"line":193}},"s":{"0":5,"1":5,"2":5,"3":0,"4":0,"5":0,"6":0,"7":0,"8":0,"9":0,"10":0,"11":0,"12":0,"13":0,"14":0,"15":0,"16":0,"17":0,"18":0,"19":0,"20":0,"21":0,"22":0,"23":0,"24":0,"25":0,"26":0,"27":0,"28":0,"29":0,"30":0,"31":0,"32":0,"33":0,"34":0,"35":0,"36":0,"37":0,"38":0,"39":0,"40":0,"41":0,"42":0,"43":0,"44":0,"45":0,"46":0,"47":0,"48":0,"49":0,"50":0,"51":0,"52":0,"53":0,"54":0,"55":0,"56":0,"57":0,"58":0,"59":0,"60":0,"61":0,"62":0,"63":0,"64":0,"65":0,"66":0,"67":0,"68":0,"69":0,"70":0,"71":0,"72":0,"73":0,"74":0,"75":0,"76":0,"77":1},"f":{"0":5,"1":0,"2":0,"3":0,"4":0,"5":0,"6":0,"7":0,"8":0,"9":0,"10":0,"11":0,"12":0,"13":0,"14":0,"15":0,"16":0,"17":0,"18":0,"19":0},"b":{"0":[0,0],"1":[0,0],"2":[0,0],"3":[0,0],"4":[0,0],"5":[0,0],"6":[0,0],"7":[0,0],"8":[0,0],"9":[0,0],"10":[0,0]},"_coverageSchema":"332fd63041d2c1bcb487cc26dd0d5f7d97098a6c","hash":"9463f907431d94e385beaa368ae1a8a6d8050396"}
}
