TN:
SF:C:\Users\Javi\Desktop\Testing\app\data\dataset_utils.js
FN:81,isForward
FN:101,isBack
FN:119,isMidfielder
FN:143,isGoalKeeper
FNF:4
FNH:0
FNDA:0,isForward
FNDA:0,isBack
FNDA:0,isMidfielder
FNDA:0,isGoalKeeper
DA:4,1
DA:82,0
DA:88,0
DA:91,0
DA:102,0
DA:109,0
DA:111,0
DA:120,0
DA:133,0
DA:135,0
DA:144,0
DA:145,0
DA:146,0
DA:147,0
DA:149,0
DA:152,1
DA:153,1
DA:154,1
DA:155,1
DA:156,1
LF:20
LH:6
BRDA:82,0,0,0
BRDA:82,0,1,0
BRDA:82,1,0,0
BRDA:82,1,1,0
BRDA:82,1,2,0
BRDA:82,1,3,0
BRDA:82,1,4,0
BRDA:82,1,5,0
BRDA:102,2,0,0
BRDA:102,2,1,0
BRDA:102,3,0,0
BRDA:102,3,1,0
BRDA:102,3,2,0
BRDA:102,3,3,0
BRDA:102,3,4,0
BRDA:102,3,5,0
BRDA:102,3,6,0
BRDA:120,4,0,0
BRDA:120,4,1,0
BRDA:120,5,0,0
BRDA:120,5,1,0
BRDA:120,5,2,0
BRDA:120,5,3,0
BRDA:120,5,4,0
BRDA:120,5,5,0
BRDA:120,5,6,0
BRDA:120,5,7,0
BRDA:120,5,8,0
BRDA:120,5,9,0
BRDA:120,5,10,0
BRDA:120,5,11,0
BRDA:120,5,12,0
BRDA:144,6,0,0
BRDA:144,6,1,0
BRDA:146,7,0,0
BRDA:146,7,1,0
BRDA:146,8,0,0
BRDA:146,8,1,0
BRDA:146,8,2,0
BRF:39
BRH:0
end_of_record
TN:
SF:C:\Users\Javi\Desktop\Testing\app\data\json_reader.js
FN:11,extractDataFromRawJSON
FN:27,readJSONData
FNF:2
FNH:0
FNDA:0,extractDataFromRawJSON
FNDA:0,readJSONData
DA:1,1
DA:2,1
DA:3,1
DA:4,1
DA:12,0
DA:13,0
DA:14,0
DA:15,0
DA:16,0
DA:18,0
DA:28,0
DA:29,0
DA:30,0
DA:32,0
DA:33,0
DA:35,0
DA:37,0
DA:40,1
DA:41,1
LF:19
LH:6
BRDA:32,0,0,0
BRDA:32,0,1,0
BRF:2
BRH:0
end_of_record
TN:
SF:C:\Users\Javi\Desktop\Testing\app\data\player.js
FN:16,(anonymous_0)
FN:26,(anonymous_1)
FN:66,(anonymous_2)
FN:74,(anonymous_3)
FN:82,(anonymous_4)
FN:90,(anonymous_5)
FN:98,(anonymous_6)
FN:106,(anonymous_7)
FN:114,(anonymous_8)
FN:122,(anonymous_9)
FN:130,(anonymous_10)
FN:138,(anonymous_11)
FN:146,(anonymous_12)
FN:155,(anonymous_13)
FNF:14
FNH:4
FNDA:7,(anonymous_0)
FNDA:0,(anonymous_1)
FNDA:0,(anonymous_2)
FNDA:0,(anonymous_3)
FNDA:0,(anonymous_4)
FNDA:0,(anonymous_5)
FNDA:6,(anonymous_6)
FNDA:0,(anonymous_7)
FNDA:0,(anonymous_8)
FNDA:0,(anonymous_9)
FNDA:0,(anonymous_10)
FNDA:16,(anonymous_11)
FNDA:0,(anonymous_12)
FNDA:8,(anonymous_13)
DA:1,1
DA:2,1
DA:3,1
DA:4,1
DA:5,1
DA:6,1
DA:17,7
DA:30,0
DA:31,0
DA:32,0
DA:33,0
DA:34,0
DA:35,0
DA:36,0
DA:37,0
DA:40,0
DA:41,0
DA:43,0
DA:45,0
DA:47,0
DA:49,0
DA:52,0
DA:53,0
DA:54,0
DA:55,0
DA:56,0
DA:57,0
DA:67,0
DA:75,0
DA:83,0
DA:91,0
DA:99,6
DA:107,0
DA:115,0
DA:123,0
DA:131,0
DA:139,16
DA:147,0
DA:156,8
DA:157,4
DA:159,4
DA:163,1
LF:42
LH:13
BRDA:40,0,0,0
BRDA:40,0,1,0
BRDA:156,1,0,4
BRDA:156,1,1,4
BRDA:156,2,0,8
BRDA:156,2,1,8
BRF:6
BRH:4
end_of_record
TN:
SF:C:\Users\Javi\Desktop\Testing\app\data\team.js
FN:10,(anonymous_0)
FN:20,(anonymous_1)
FN:28,(anonymous_2)
FN:36,(anonymous_3)
FN:45,(anonymous_4)
FN:58,(anonymous_5)
FN:67,(anonymous_6)
FN:80,(anonymous_7)
FN:90,(anonymous_8)
FN:98,(anonymous_9)
FN:111,(anonymous_10)
FN:120,(anonymous_11)
FN:122,(anonymous_12)
FN:136,(anonymous_13)
FN:160,(anonymous_14)
FN:188,(anonymous_15)
FN:189,(anonymous_16)
FN:190,(anonymous_17)
FN:191,(anonymous_18)
FN:201,(anonymous_19)
FNF:20
FNH:7
FNDA:6,(anonymous_0)
FNDA:0,(anonymous_1)
FNDA:0,(anonymous_2)
FNDA:0,(anonymous_3)
FNDA:11,(anonymous_4)
FNDA:1,(anonymous_5)
FNDA:7,(anonymous_6)
FNDA:1,(anonymous_7)
FNDA:1,(anonymous_8)
FNDA:1001,(anonymous_9)
FNDA:0,(anonymous_10)
FNDA:0,(anonymous_11)
FNDA:0,(anonymous_12)
FNDA:0,(anonymous_13)
FNDA:0,(anonymous_14)
FNDA:0,(anonymous_15)
FNDA:0,(anonymous_16)
FNDA:0,(anonymous_17)
FNDA:0,(anonymous_18)
FNDA:0,(anonymous_19)
DA:11,6
DA:12,6
DA:13,6
DA:21,0
DA:29,0
DA:37,0
DA:46,11
DA:47,8
DA:48,4
DA:51,7
DA:59,1
DA:68,7
DA:69,6
DA:70,6
DA:71,6
DA:73,1
DA:81,1
DA:82,2
DA:91,1
DA:99,1001
DA:100,1001
DA:101,1001
DA:113,0
DA:115,0
DA:116,0
DA:120,0
DA:122,0
DA:123,0
DA:126,0
DA:137,0
DA:138,0
DA:140,0
DA:141,0
DA:143,0
DA:144,0
DA:145,0
DA:146,0
DA:148,0
DA:162,0
DA:163,0
DA:164,0
DA:165,0
DA:166,0
DA:167,0
DA:168,0
DA:170,0
DA:171,0
DA:173,0
DA:174,0
DA:176,0
DA:177,0
DA:182,0
DA:183,0
DA:185,0
DA:187,0
DA:188,0
DA:189,0
DA:190,0
DA:191,0
DA:193,0
DA:195,0
DA:197,0
DA:199,0
DA:201,0
DA:203,0
DA:213,1
LF:66
LH:20
BRDA:47,0,0,4
BRDA:47,0,1,4
BRDA:68,1,0,6
BRDA:68,1,1,1
BRDA:115,2,0,0
BRDA:115,2,1,0
BRDA:122,3,0,0
BRDA:122,3,1,0
BRDA:137,4,0,0
BRDA:137,4,1,0
BRDA:167,5,0,0
BRDA:167,5,1,0
BRDA:170,6,0,0
BRDA:170,6,1,0
BRDA:173,7,0,0
BRDA:173,7,1,0
BRDA:176,8,0,0
BRDA:176,8,1,0
BRF:18
BRH:4
end_of_record
