TN:
SF:C:\Users\Javi\Desktop\Testing\app\data\dataset_utils.js
FN:81,isForward
FN:101,isBack
FN:119,isMidfielder
FN:143,isGoalKeeper
FNF:4
FNH:4
FNDA:6,isForward
FNDA:6,isBack
FNDA:12,isMidfielder
FNDA:6,isGoalKeeper
DA:4,1
DA:82,6
DA:88,2
DA:91,4
DA:102,6
DA:109,0
DA:111,6
DA:120,12
DA:133,12
DA:135,0
DA:144,6
DA:145,0
DA:146,6
DA:147,0
DA:149,6
DA:152,1
DA:153,1
DA:154,1
DA:155,1
DA:156,1
LF:20
LH:16
BRDA:82,0,0,2
BRDA:82,0,1,4
BRDA:82,1,0,6
BRDA:82,1,1,6
BRDA:82,1,2,6
BRDA:82,1,3,6
BRDA:82,1,4,4
BRDA:82,1,5,4
BRDA:102,2,0,0
BRDA:102,2,1,6
BRDA:102,3,0,6
BRDA:102,3,1,6
BRDA:102,3,2,6
BRDA:102,3,3,6
BRDA:102,3,4,6
BRDA:102,3,5,6
BRDA:102,3,6,6
BRDA:120,4,0,12
BRDA:120,4,1,0
BRDA:120,5,0,12
BRDA:120,5,1,12
BRDA:120,5,2,12
BRDA:120,5,3,12
BRDA:120,5,4,12
BRDA:120,5,5,12
BRDA:120,5,6,12
BRDA:120,5,7,12
BRDA:120,5,8,12
BRDA:120,5,9,12
BRDA:120,5,10,12
BRDA:120,5,11,12
BRDA:120,5,12,8
BRDA:144,6,0,0
BRDA:144,6,1,6
BRDA:146,7,0,0
BRDA:146,7,1,6
BRDA:146,8,0,6
BRDA:146,8,1,0
BRDA:146,8,2,0
BRF:39
BRH:33
end_of_record
TN:
SF:C:\Users\Javi\Desktop\Testing\app\data\json_reader.js
FN:11,extractDataFromRawJSON
FN:27,readJSONData
FNF:2
FNH:2
FNDA:2,extractDataFromRawJSON
FNDA:3,readJSONData
DA:1,1
DA:2,1
DA:3,1
DA:4,1
DA:12,2
DA:13,2
DA:14,6
DA:15,6
DA:16,6
DA:18,2
DA:28,3
DA:29,3
DA:30,3
DA:32,0
DA:33,0
DA:35,0
DA:37,3
DA:40,1
DA:41,1
LF:19
LH:16
BRDA:32,0,0,0
BRDA:32,0,1,0
BRF:2
BRH:0
end_of_record
TN:
SF:C:\Users\Javi\Desktop\Testing\app\data\player.js
FN:16,(anonymous_0)
FN:26,(anonymous_1)
FN:66,(anonymous_2)
FN:74,(anonymous_3)
FN:82,(anonymous_4)
FN:90,(anonymous_5)
FN:98,(anonymous_6)
FN:106,(anonymous_7)
FN:114,(anonymous_8)
FN:122,(anonymous_9)
FN:130,(anonymous_10)
FN:138,(anonymous_11)
FN:146,(anonymous_12)
FN:155,(anonymous_13)
FNF:14
FNH:5
FNDA:8,(anonymous_0)
FNDA:6,(anonymous_1)
FNDA:1,(anonymous_2)
FNDA:0,(anonymous_3)
FNDA:0,(anonymous_4)
FNDA:0,(anonymous_5)
FNDA:0,(anonymous_6)
FNDA:0,(anonymous_7)
FNDA:0,(anonymous_8)
FNDA:0,(anonymous_9)
FNDA:0,(anonymous_10)
FNDA:2,(anonymous_11)
FNDA:0,(anonymous_12)
FNDA:1,(anonymous_13)
DA:1,1
DA:2,1
DA:3,1
DA:4,1
DA:5,1
DA:6,1
DA:17,8
DA:30,6
DA:31,6
DA:32,6
DA:33,6
DA:34,6
DA:35,6
DA:36,6
DA:37,6
DA:40,6
DA:41,6
DA:43,6
DA:45,6
DA:47,6
DA:49,6
DA:52,6
DA:53,6
DA:54,6
DA:55,6
DA:56,6
DA:57,6
DA:67,1
DA:75,0
DA:83,0
DA:91,0
DA:99,0
DA:107,0
DA:115,0
DA:123,0
DA:131,0
DA:139,2
DA:147,0
DA:156,1
DA:157,1
DA:159,0
DA:163,1
LF:42
LH:32
BRDA:40,0,0,6
BRDA:40,0,1,0
BRDA:156,1,0,1
BRDA:156,1,1,0
BRDA:156,2,0,1
BRDA:156,2,1,1
BRF:6
BRH:4
end_of_record
TN:
SF:C:\Users\Javi\Desktop\Testing\app\data\team.js
FN:10,(anonymous_0)
FN:20,(anonymous_1)
FN:28,(anonymous_2)
FN:36,(anonymous_3)
FN:45,(anonymous_4)
FN:58,(anonymous_5)
FN:67,(anonymous_6)
FN:80,(anonymous_7)
FN:90,(anonymous_8)
FN:98,(anonymous_9)
FN:111,(anonymous_10)
FN:120,(anonymous_11)
FN:122,(anonymous_12)
FN:136,(anonymous_13)
FN:160,(anonymous_14)
FN:188,(anonymous_15)
FN:189,(anonymous_16)
FN:190,(anonymous_17)
FN:191,(anonymous_18)
FN:201,(anonymous_19)
FNF:20
FNH:0
FNDA:0,(anonymous_0)
FNDA:0,(anonymous_1)
FNDA:0,(anonymous_2)
FNDA:0,(anonymous_3)
FNDA:0,(anonymous_4)
FNDA:0,(anonymous_5)
FNDA:0,(anonymous_6)
FNDA:0,(anonymous_7)
FNDA:0,(anonymous_8)
FNDA:0,(anonymous_9)
FNDA:0,(anonymous_10)
FNDA:0,(anonymous_11)
FNDA:0,(anonymous_12)
FNDA:0,(anonymous_13)
FNDA:0,(anonymous_14)
FNDA:0,(anonymous_15)
FNDA:0,(anonymous_16)
FNDA:0,(anonymous_17)
FNDA:0,(anonymous_18)
FNDA:0,(anonymous_19)
DA:11,0
DA:12,0
DA:13,0
DA:21,0
DA:29,0
DA:37,0
DA:46,0
DA:47,0
DA:48,0
DA:51,0
DA:59,0
DA:68,0
DA:69,0
DA:70,0
DA:71,0
DA:73,0
DA:81,0
DA:82,0
DA:91,0
DA:99,0
DA:100,0
DA:101,0
DA:113,0
DA:115,0
DA:116,0
DA:120,0
DA:122,0
DA:123,0
DA:126,0
DA:137,0
DA:138,0
DA:140,0
DA:141,0
DA:143,0
DA:144,0
DA:145,0
DA:146,0
DA:148,0
DA:162,0
DA:163,0
DA:164,0
DA:165,0
DA:166,0
DA:167,0
DA:168,0
DA:170,0
DA:171,0
DA:173,0
DA:174,0
DA:176,0
DA:177,0
DA:182,0
DA:183,0
DA:185,0
DA:187,0
DA:188,0
DA:189,0
DA:190,0
DA:191,0
DA:193,0
DA:195,0
DA:197,0
DA:199,0
DA:201,0
DA:203,0
DA:213,1
LF:66
LH:1
BRDA:47,0,0,0
BRDA:47,0,1,0
BRDA:68,1,0,0
BRDA:68,1,1,0
BRDA:115,2,0,0
BRDA:115,2,1,0
BRDA:122,3,0,0
BRDA:122,3,1,0
BRDA:137,4,0,0
BRDA:137,4,1,0
BRDA:167,5,0,0
BRDA:167,5,1,0
BRDA:170,6,0,0
BRDA:170,6,1,0
BRDA:173,7,0,0
BRDA:173,7,1,0
BRDA:176,8,0,0
BRDA:176,8,1,0
BRF:18
BRH:0
end_of_record
